<?xml version="1.0" encoding="UTF-8"?>
<testsuite xmlns:xsi="http://www.w3.org/2001/XMLSchema-instance" xsi:schemaLocation="https://maven.apache.org/surefire/maven-surefire-plugin/xsd/surefire-test-report.xsd" name="com.dummy.myerp.model.bean.comptabilite.JournalComptableTest" time="0.002" tests="6" errors="0" skipped="0" failures="0">
  <properties>
[...]
</properties>
  <testcase name="setLibelle" classname="com.dummy.myerp.model.bean.comptabilite.JournalComptableTest" time="0"/>
  <testcase name="testToString" classname="com.dummy.myerp.model.bean.comptabilite.JournalComptableTest" time="0"/>
  <testcase name="getCode" classname="com.dummy.myerp.model.bean.comptabilite.JournalComptableTest" time="0"/>
  <testcase name="getByCode" classname="com.dummy.myerp.model.bean.comptabilite.JournalComptableTest" time="0"/>
  <testcase name="getLibelle" classname="com.dummy.myerp.model.bean.comptabilite.JournalComptableTest" time="0.001"/>
  <testcase name="setCode" classname="com.dummy.myerp.model.bean.comptabilite.JournalComptableTest" time="0.001"/>
</testsuite>