<?xml version="1.0" encoding="UTF-8"?>
<testsuite xmlns:xsi="http://www.w3.org/2001/XMLSchema-instance" xsi:schemaLocation="https://maven.apache.org/surefire/maven-surefire-plugin/xsd/surefire-test-report.xsd" name="com.dummy.myerp.business.impl.manager.ComptabiliteManagerImplTest" time="1.035" tests="23" errors="0" skipped="0" failures="0">
  <properties>
[...]
</properties>
  <testcase name="shouldThrowFunctionalExceptionWhenEmptyJournalIsProvided" classname="com.dummy.myerp.business.impl.manager.ComptabiliteManagerImplTest" time="0.445"/>
  <testcase name="shouldDeleteEcritureComptable" classname="com.dummy.myerp.business.impl.manager.ComptabiliteManagerImplTest" time="0.01"/>
  <testcase name="shouldReturnListWhenJournalComptableIsAsked" classname="com.dummy.myerp.business.impl.manager.ComptabiliteManagerImplTest" time="0.003"/>
  <testcase name="shouldThrowFunctionalExceptionWhenBadYearIsSpecified" classname="com.dummy.myerp.business.impl.manager.ComptabiliteManagerImplTest" time="0.01"/>
  <testcase name="shouldThrowExceptionWhenReferenceDoesNotContainsCodeJournal" classname="com.dummy.myerp.business.impl.manager.ComptabiliteManagerImplTest" time="0.005"/>
  <testcase name="shouldAddOneReferencePlusOneWhenAResultIsProvidedOnAddReference" classname="com.dummy.myerp.business.impl.manager.ComptabiliteManagerImplTest" time="0.009"/>
  <testcase name="shouldThrowsErrorWhenOnlyOneEcritureComptableIsGiven" classname="com.dummy.myerp.business.impl.manager.ComptabiliteManagerImplTest" time="0.005"/>
  <testcase name="shouldThrowFunctionnalExceptionWhenEcritureComptableFoundDoesNotContainsId" classname="com.dummy.myerp.business.impl.manager.ComptabiliteManagerImplTest" time="0.011"/>
  <testcase name="shouldThrowNullPointerExceptionWhenJournalComptableIsAskAndDAOProxIsNotMocked" classname="com.dummy.myerp.business.impl.manager.ComptabiliteManagerImplTest" time="0.003"/>
  <testcase name="checkEcritureComptableUnitViolation" classname="com.dummy.myerp.business.impl.manager.ComptabiliteManagerImplTest" time="0.003"/>
  <testcase name="shouldInsertEcritureComptable" classname="com.dummy.myerp.business.impl.manager.ComptabiliteManagerImplTest" time="0.006"/>
  <testcase name="shouldReturnListWhenListComptableIsAsked" classname="com.dummy.myerp.business.impl.manager.ComptabiliteManagerImplTest" time="0.002"/>
  <testcase name="shouldThrowsErrorWhenOnlyOneEcritureComptableWithCreditIsGiven" classname="com.dummy.myerp.business.impl.manager.ComptabiliteManagerImplTest" time="0.004"/>
  <testcase name="shouldThrowsErrorWhenOnlyOneEcritureComptableWithDebitIsGiven" classname="com.dummy.myerp.business.impl.manager.ComptabiliteManagerImplTest" time="0.01"/>
  <testcase name="shouldAddReferenceWhenJournalCodeIsProperlySet" classname="com.dummy.myerp.business.impl.manager.ComptabiliteManagerImplTest" time="0.002"/>
  <testcase name="checkEcritureComptableUnitRG2" classname="com.dummy.myerp.business.impl.manager.ComptabiliteManagerImplTest" time="0.004"/>
  <testcase name="checkEcritureComptableUnitRG3" classname="com.dummy.myerp.business.impl.manager.ComptabiliteManagerImplTest" time="0.005"/>
  <testcase name="shouldUpdateEcritureComptable" classname="com.dummy.myerp.business.impl.manager.ComptabiliteManagerImplTest" time="0.005"/>
  <testcase name="checkEcritureComptable" classname="com.dummy.myerp.business.impl.manager.ComptabiliteManagerImplTest" time="0.004"/>
  <testcase name="checkEcritureComptableUnit" classname="com.dummy.myerp.business.impl.manager.ComptabiliteManagerImplTest" time="0.004"/>
  <testcase name="shouldThrowNullPointerExceptionWhenListComptableIsAskAndDAOProxIsNotMocked" classname="com.dummy.myerp.business.impl.manager.ComptabiliteManagerImplTest" time="0.003"/>
  <testcase name="shouldThrowExceptionWhenBadYearIsProvidedInsideReference" classname="com.dummy.myerp.business.impl.manager.ComptabiliteManagerImplTest" time="0.002"/>
  <testcase name="shouldThrowfunctionalExceptionErrorWhenBadCodeIsProvided" classname="com.dummy.myerp.business.impl.manager.ComptabiliteManagerImplTest" time="0.002"/>
</testsuite>